170412 01:40:00 mysqld_safe Starting mysqld daemon with databases from /var/lib/mysql
170412  1:40:01 [Warning] Using unique option prefix key_buffer instead of key_buffer_size is deprecated and will be removed in a future release. Please use the full name instead.
170412  1:40:01 [Note] /usr/sbin/mysqld (mysqld 5.5.49-0+deb8u1) starting as process 620 ...
170412  1:40:01 [Warning] Using unique option prefix myisam-recover instead of myisam-recover-options is deprecated and will be removed in a future release. Please use the full name instead.
170412  1:40:01 [Note] Plugin 'FEDERATED' is disabled.
170412  1:40:01 InnoDB: The InnoDB memory heap is disabled
170412  1:40:01 InnoDB: Mutexes and rw_locks use GCC atomic builtins
170412  1:40:01 InnoDB: Compressed tables use zlib 1.2.8
170412  1:40:01 InnoDB: Using Linux native AIO
170412  1:40:01 InnoDB: Initializing buffer pool, size = 8.0M
170412  1:40:01 InnoDB: Completed initialization of buffer pool
170412  1:40:01 InnoDB: highest supported file format is Barracuda.
170412  1:40:01  InnoDB: Waiting for the background threads to start
170412  1:40:02 InnoDB: 5.5.49 started; log sequence number 1595675
170412  1:40:02 [Note] Server hostname (bind-address): '0.0.0.0'; port: 3306
170412  1:40:02 [Note]   - '0.0.0.0' resolves to '0.0.0.0';
170412  1:40:02 [Note] Server socket created on IP: '0.0.0.0'.
170412  1:40:02 [ERROR] /usr/sbin/mysqld: Table './mysql/user' is marked as crashed and should be repaired
170412  1:40:02 [Warning] Checking table:   './mysql/user'
170412  1:40:02 [ERROR] 1 client is using or hasn't closed the table properly
170412  1:40:02 [Note] Event Scheduler: Loaded 0 events
170412  1:40:02 [Note] /usr/sbin/mysqld: ready for connections.
Version: '5.5.49-0+deb8u1'  socket: '/var/run/mysqld/mysqld.sock'  port: 3306  (Debian)
170414 01:12:56 mysqld_safe Starting mysqld daemon with databases from /var/lib/mysql
170414  1:13:14 [Warning] Using unique option prefix key_buffer instead of key_buffer_size is deprecated and will be removed in a future release. Please use the full name instead.
170414  1:13:14 [Note] /usr/sbin/mysqld (mysqld 5.5.49-0+deb8u1) starting as process 493 ...
170414  1:13:15 [Warning] Using unique option prefix myisam-recover instead of myisam-recover-options is deprecated and will be removed in a future release. Please use the full name instead.
170414  1:13:15 [Note] Plugin 'FEDERATED' is disabled.
170414  1:13:17 InnoDB: The InnoDB memory heap is disabled
170414  1:13:17 InnoDB: Mutexes and rw_locks use GCC atomic builtins
170414  1:13:17 InnoDB: Compressed tables use zlib 1.2.8
170414  1:13:17 InnoDB: Using Linux native AIO
170414  1:13:18 InnoDB: Initializing buffer pool, size = 8.0M
170414  1:13:19 InnoDB: Completed initialization of buffer pool
170414  1:13:25 InnoDB: highest supported file format is Barracuda.
InnoDB: The log sequence number in ibdata files does not match
InnoDB: the log sequence number in the ib_logfiles!
170414  1:13:27  InnoDB: Database was not shut down normally!
InnoDB: Starting crash recovery.
InnoDB: Reading tablespace information from the .ibd files...
InnoDB: Restoring possible half-written data pages from the doublewrite
InnoDB: buffer...
170414  1:13:36  InnoDB: Waiting for the background threads to start
170414  1:13:37 InnoDB: 5.5.49 started; log sequence number 2402440
170414  1:13:37 [Note] Server hostname (bind-address): '0.0.0.0'; port: 3306
170414  1:13:37 [Note]   - '0.0.0.0' resolves to '0.0.0.0';
170414  1:13:37 [Note] Server socket created on IP: '0.0.0.0'.
170414  1:13:38 [ERROR] /usr/sbin/mysqld: Table './mysql/user' is marked as crashed and should be repaired
170414  1:13:38 [Warning] Checking table:   './mysql/user'
170414  1:13:38 [ERROR] 1 client is using or hasn't closed the table properly
170414  1:13:40 [Note] Event Scheduler: Loaded 0 events
170414  1:13:40 [Note] /usr/sbin/mysqld: ready for connections.
Version: '5.5.49-0+deb8u1'  socket: '/var/run/mysqld/mysqld.sock'  port: 3306  (Debian)
170414  1:13:53 [ERROR] /usr/sbin/mysqld: Table './mysql/proc' is marked as crashed and should be repaired
170414  1:13:53 [Warning] Checking table:   './mysql/proc'
